# vsim work.micro_UART_tb -l log_file.log -coverage -c -do "coverage save -onexit -codeAll coverage_file.ucdb; run -all; exit" 
# Start time: 16:57:22 on May 21,2026
# ** Note: (vsim-3812) Design is being optimized...
# ** Warning: micro_UART_tb.v(49): (vopt-2685) [TFMPC] - Too few port connections for 'DUT_uart'.  Expected 12, found 11.
# ** Warning: micro_UART_tb.v(49): (vopt-2718) [TFMPC] - Missing connection for port 'clk_baud'.
# ** Note: (vopt-143) Recognized 1 FSM in module "rec(fast)".
# ** Note: (vopt-143) Recognized 1 FSM in module "xmit(fast)".
# //  Questa Sim
# //  Version 10.6c linux Jul 25 2017
# //
# //  Copyright 1991-2017 Mentor Graphics Corporation
# //  All Rights Reserved.
# //
# //  QuestaSim and its associated documentation contain trade
# //  secrets and commercial or financial information that are the property of
# //  Mentor Graphics Corporation and are privileged, confidential,
# //  and exempt from disclosure under the Freedom of Information Act,
# //  5 U.S.C. Section 552. Furthermore, this information
# //  is prohibited from disclosure under the Trade Secrets Act,
# //  18 U.S.C. Section 1905.
# //
# Loading work.micro_UART_tb(fast)
# Loading work.top(fast)
# Loading work.baud_clk1(fast)
# Loading work.xmit(fast)
# Loading work.rec(fast)
# coverage save -onexit -codeAll coverage_file.ucdb
#  run -all
# 
# === Testing transmiter basic working ===
# [PASS]                                                                         basic_tx: xmit_dataH= 0 
# [PASS]                                                                         basic_tx: xmit_dataH= 1 
# [PASS]                                                                         basic_tx: xmit_dataH= 2 
# [PASS]                                                                         basic_tx: xmit_dataH= 3 
# [PASS]                                                                         basic_tx: xmit_dataH= 4 
# [PASS]                                                                         basic_tx: xmit_dataH= 5 
# [PASS]                                                                         basic_tx: xmit_dataH= 6 
# [PASS]                                                                         basic_tx: xmit_dataH= 7 
# [PASS]                                                                         basic_tx: xmit_dataH= 8 
# [PASS]                                                                         basic_tx: xmit_dataH= 9 
# [PASS]                                                                         basic_tx: xmit_dataH=0x5a 
# 
# === Testing reciever basic working ===
# [PASS]                                                                         basic_rx: xmit_dataH= 9 
# [PASS]                                                                         basic_rx: xmit_dataH=0x0f 
# 
# === Testing reciever start_L stop_L working ===
# [FAIL]                                                               start_L stop_L _rx: xmit_dataH= 9 
#   SYS INPUTS : 
#   sys_rst_l= 1, xmitH= 0, xmit_dataH= 0x00, uart_REC_dataH= 0 
# 
# 
#   DUT & REF OUTPUTS :
#  dut_uart_XMIT_dataH= 1, dut_rec_dataH= 0x00, 
#  ref_uart_XMIT_dataH= 1, ref_rec_dataH= 0x0f, 
#  dut_xmit_doneH= 1, dut_xmit_active= 0, 
#   ref_xmit_doneH= 0, ref_xmit_active= 0, 
#  dut_rec_readyH= 0, dut_rec_busy= 1, 
#   ref_rec_readyH= 0, ref_rec_busy= 0 
# 
# [FAIL]                                                               start_L stop_L _rx: xmit_dataH=0x0f 
# 
# === Testing reciever start_L stop_H working ===
# [PASS]                                                               start_L stop_H _rx: xmit_dataH= 9 
# [PASS]                                                               start_L stop_H _rx: xmit_dataH=0x0f 
# 
# === Testing reciever start_H stop_L working ===
# [FAIL]                                                               start_H stop_L _rx: xmit_dataH= 9 
#   SYS INPUTS : 
#   sys_rst_l= 1, xmitH= 0, xmit_dataH= 0x00, uart_REC_dataH= 0 
# 
# 
#   DUT & REF OUTPUTS :
#  dut_uart_XMIT_dataH= 1, dut_rec_dataH= 0x00, 
#  ref_uart_XMIT_dataH= 1, ref_rec_dataH= 0x0f, 
#  dut_xmit_doneH= 1, dut_xmit_active= 0, 
#   ref_xmit_doneH= 0, ref_xmit_active= 0, 
#  dut_rec_readyH= 0, dut_rec_busy= 1, 
#   ref_rec_readyH= 0, ref_rec_busy= 0 
# 
# [FAIL]                                                               start_H stop_L _rx: xmit_dataH=0x0f 
# 
# === Testing reciever start_L stop_L working ===
# [FAIL]                                                               start_H stop_H _rx: xmit_dataH= 9 
#   SYS INPUTS : 
#   sys_rst_l= 1, xmitH= 0, xmit_dataH= 0x00, uart_REC_dataH= 1 
# 
# 
#   DUT & REF OUTPUTS :
#  dut_uart_XMIT_dataH= 1, dut_rec_dataH= 0x00, 
#  ref_uart_XMIT_dataH= 1, ref_rec_dataH= 0x0f, 
#  dut_xmit_doneH= 1, dut_xmit_active= 0, 
#   ref_xmit_doneH= 0, ref_xmit_active= 0, 
#  dut_rec_readyH= 0, dut_rec_busy= 1, 
#   ref_rec_readyH= 0, ref_rec_busy= 0 
# 
# [FAIL]                                                               start_H stop_H _rx: xmit_dataH=0x0f 
# 
# === TEST SUMMARY === 
#  Total Tests: 6 
#  PASS: 3 
#  FAIL: 3 
#  
#  
# 
# *** SOME TESTS FAILED ***
# 
# ** Note: $finish    : micro_UART_tb.v(98)
#    Time: 27171265 ns  Iteration: 0  Instance: /micro_UART_tb
# Saving coverage database on exit...
# End time: 16:57:27 on May 21,2026, Elapsed time: 0:00:05
# Errors: 0, Warnings: 2
